<?xml version="1.0" encoding="UTF-8"?>
<!-- Generated by org.testng.reporters.JUnitXMLReporter -->
<testsuite ignored="3" hostname="Trayambkay" failures="0" tests="1" name="Test" time="0.122" errors="0" timestamp="2023-12-01T16:08:07 IST">
  <testcase classname="mvnp.MavenP1" name="smoketest1" time="0.023"/>
  <testcase classname="mvnp.MavenP1" name="regressionTest1" time="0.0">
    <ignored/>
  </testcase> <!-- regressionTest1 -->
  <testcase classname="mvnp.MavenP2" name="smoketest2" time="0.0">
    <ignored/>
  </testcase> <!-- smoketest2 -->
  <testcase classname="mvnp.MavenP2" name="regressionTest2" time="0.0">
    <ignored/>
  </testcase> <!-- regressionTest2 -->
</testsuite> <!-- Test -->
