<?xml version="1.0" encoding="UTF-8"?>
<testng-results ignored="3" total="4" passed="1" failed="0" skipped="0">
  <reporter-output>
  </reporter-output>
  <suite started-at="2023-12-01T16:08:07 IST" name="Suite" finished-at="2023-12-01T16:08:07 IST" duration-ms="122">
    <groups>
      <group name="smoke">
        <method signature="MavenP1.smoketest1()[pri:0, instance:mvnp.MavenP1@63376bed]" name="smoketest1" class="mvnp.MavenP1"/>
      </group> <!-- smoke -->
    </groups>
    <test started-at="2023-12-01T16:08:07 IST" name="Test" finished-at="2023-12-01T16:08:07 IST" duration-ms="122">
      <class name="mvnp.MavenP1">
        <test-method signature="smoketest1()[pri:0, instance:mvnp.MavenP1@63376bed]" started-at="2023-12-01T16:08:07 IST" name="smoketest1" finished-at="2023-12-01T16:08:07 IST" duration-ms="23" status="PASS">
          <reporter-output>
          </reporter-output>
        </test-method> <!-- smoketest1 -->
      </class> <!-- mvnp.MavenP1 -->
    </test> <!-- Test -->
  </suite> <!-- Suite -->
</testng-results>
